0 info it worked if it ends with ok
1 verbose cli [ 'node', '/usr/local/bin/npm', 'i' ]
2 info using npm@2.11.3
3 info using node@v0.12.7
4 verbose readDependencies loading dependencies from /Users/evan/Desktop/git/libyfrontend/package.json
5 warn package.json @1.0.0 No description
6 warn package.json @1.0.0 No repository field.
7 warn package.json @1.0.0 No README data
8 verbose install where, deps [ '/Users/evan/Desktop/git/libyfrontend',
8 verbose install   [ 'babel-preset-es2015',
8 verbose install     'grunt',
8 verbose install     'grunt-autoprefixer',
8 verbose install     'grunt-babel',
8 verbose install     'grunt-contrib-clean',
8 verbose install     'grunt-contrib-compass',
8 verbose install     'grunt-contrib-concat',
8 verbose install     'grunt-contrib-connect',
8 verbose install     'grunt-contrib-copy',
8 verbose install     'grunt-contrib-cssmin',
8 verbose install     'grunt-contrib-imagemin',
8 verbose install     'grunt-contrib-jshint',
8 verbose install     'grunt-contrib-qunit',
8 verbose install     'grunt-contrib-sass',
8 verbose install     'grunt-contrib-uglify',
8 verbose install     'grunt-contrib-watch',
8 verbose install     'grunt-include-replace',
8 verbose install     'grunt-notify',
8 verbose install     'grunt-spritesmith',
8 verbose install     'load-grunt-tasks' ] ]
9 verbose install where, peers [ '/Users/evan/Desktop/git/libyfrontend', [] ]
10 verbose installManyTop reading for lifecycle /Users/evan/Desktop/git/libyfrontend/package.json
11 info preinstall @1.0.0
12 verbose installManyTop reading scoped package data from /Users/evan/Desktop/git/libyfrontend/node_modules/babel-preset-es2015/package.json
13 verbose installManyTop reading scoped package data from /Users/evan/Desktop/git/libyfrontend/node_modules/grunt/package.json
14 verbose installManyTop reading scoped package data from /Users/evan/Desktop/git/libyfrontend/node_modules/grunt-autoprefixer/package.json
15 verbose installManyTop reading scoped package data from /Users/evan/Desktop/git/libyfrontend/node_modules/grunt-babel/package.json
16 verbose installManyTop reading scoped package data from /Users/evan/Desktop/git/libyfrontend/node_modules/grunt-contrib-clean/package.json
17 verbose installManyTop reading scoped package data from /Users/evan/Desktop/git/libyfrontend/node_modules/grunt-contrib-compass/package.json
18 verbose installManyTop reading scoped package data from /Users/evan/Desktop/git/libyfrontend/node_modules/grunt-contrib-concat/package.json
19 verbose installManyTop reading scoped package data from /Users/evan/Desktop/git/libyfrontend/node_modules/grunt-contrib-connect/package.json
20 verbose installManyTop reading scoped package data from /Users/evan/Desktop/git/libyfrontend/node_modules/grunt-contrib-copy/package.json
21 verbose installManyTop reading scoped package data from /Users/evan/Desktop/git/libyfrontend/node_modules/grunt-contrib-cssmin/package.json
22 verbose installManyTop reading scoped package data from /Users/evan/Desktop/git/libyfrontend/node_modules/grunt-contrib-imagemin/package.json
23 verbose installManyTop reading scoped package data from /Users/evan/Desktop/git/libyfrontend/node_modules/grunt-contrib-jshint/package.json
24 verbose installManyTop reading scoped package data from /Users/evan/Desktop/git/libyfrontend/node_modules/grunt-contrib-sass/package.json
25 verbose installManyTop reading scoped package data from /Users/evan/Desktop/git/libyfrontend/node_modules/grunt-contrib-uglify/package.json
26 verbose installManyTop reading scoped package data from /Users/evan/Desktop/git/libyfrontend/node_modules/grunt-contrib-watch/package.json
27 verbose installManyTop reading scoped package data from /Users/evan/Desktop/git/libyfrontend/node_modules/grunt-include-replace/package.json
28 verbose installManyTop reading scoped package data from /Users/evan/Desktop/git/libyfrontend/node_modules/grunt-notify/package.json
29 verbose installManyTop reading scoped package data from /Users/evan/Desktop/git/libyfrontend/node_modules/grunt-spritesmith/package.json
30 verbose installManyTop reading scoped package data from /Users/evan/Desktop/git/libyfrontend/node_modules/imagemin/package.json
31 verbose installManyTop reading scoped package data from /Users/evan/Desktop/git/libyfrontend/node_modules/load-grunt-tasks/package.json
32 verbose readDependencies loading dependencies from /Users/evan/Desktop/git/libyfrontend/package.json
33 verbose targetResolver reading package data from /Users/evan/Desktop/git/libyfrontend/node_modules/babel-preset-es2015/package.json
34 verbose targetResolver reading package data from /Users/evan/Desktop/git/libyfrontend/node_modules/grunt/package.json
35 verbose targetResolver reading package data from /Users/evan/Desktop/git/libyfrontend/node_modules/grunt-autoprefixer/package.json
36 verbose targetResolver reading package data from /Users/evan/Desktop/git/libyfrontend/node_modules/grunt-babel/package.json
37 verbose targetResolver reading package data from /Users/evan/Desktop/git/libyfrontend/node_modules/grunt-contrib-clean/package.json
38 verbose targetResolver reading package data from /Users/evan/Desktop/git/libyfrontend/node_modules/grunt-contrib-compass/package.json
39 verbose targetResolver reading package data from /Users/evan/Desktop/git/libyfrontend/node_modules/grunt-contrib-concat/package.json
40 verbose targetResolver reading package data from /Users/evan/Desktop/git/libyfrontend/node_modules/grunt-contrib-connect/package.json
41 verbose targetResolver reading package data from /Users/evan/Desktop/git/libyfrontend/node_modules/grunt-contrib-copy/package.json
42 verbose targetResolver reading package data from /Users/evan/Desktop/git/libyfrontend/node_modules/grunt-contrib-cssmin/package.json
43 verbose targetResolver reading package data from /Users/evan/Desktop/git/libyfrontend/node_modules/grunt-contrib-imagemin/package.json
44 verbose targetResolver reading package data from /Users/evan/Desktop/git/libyfrontend/node_modules/grunt-contrib-jshint/package.json
45 verbose targetResolver reading package data from /Users/evan/Desktop/git/libyfrontend/node_modules/grunt-contrib-sass/package.json
46 verbose targetResolver reading package data from /Users/evan/Desktop/git/libyfrontend/node_modules/grunt-contrib-uglify/package.json
47 verbose targetResolver reading package data from /Users/evan/Desktop/git/libyfrontend/node_modules/grunt-contrib-watch/package.json
48 verbose targetResolver reading package data from /Users/evan/Desktop/git/libyfrontend/node_modules/grunt-include-replace/package.json
49 verbose targetResolver reading package data from /Users/evan/Desktop/git/libyfrontend/node_modules/grunt-notify/package.json
50 verbose targetResolver reading package data from /Users/evan/Desktop/git/libyfrontend/node_modules/grunt-spritesmith/package.json
51 verbose targetResolver reading package data from /Users/evan/Desktop/git/libyfrontend/node_modules/imagemin/package.json
52 verbose targetResolver reading package data from /Users/evan/Desktop/git/libyfrontend/node_modules/load-grunt-tasks/package.json
53 verbose targetResolver reading package data from /Users/evan/Desktop/git/libyfrontend/node_modules/.bin/grunt/package.json
54 verbose already installed skipping grunt-contrib-clean@^1.0.0 /Users/evan/Desktop/git/libyfrontend
55 verbose already installed skipping grunt-contrib-compass@^1.1.1 /Users/evan/Desktop/git/libyfrontend
56 verbose already installed skipping grunt-contrib-concat@^1.0.1 /Users/evan/Desktop/git/libyfrontend
57 verbose already installed skipping grunt-contrib-connect@^1.0.2 /Users/evan/Desktop/git/libyfrontend
58 verbose already installed skipping grunt-contrib-copy@^1.0.0 /Users/evan/Desktop/git/libyfrontend
59 verbose already installed skipping grunt-contrib-cssmin@^1.0.1 /Users/evan/Desktop/git/libyfrontend
60 verbose already installed skipping grunt-contrib-imagemin@^1.0.1 /Users/evan/Desktop/git/libyfrontend
61 verbose already installed skipping grunt-contrib-jshint@^1.0.0 /Users/evan/Desktop/git/libyfrontend
62 silly cache add args [ 'grunt-contrib-qunit@^1.2.0', null ]
63 verbose cache add spec grunt-contrib-qunit@^1.2.0
64 silly cache add parsed spec { raw: 'grunt-contrib-qunit@^1.2.0',
64 silly cache add   scope: null,
64 silly cache add   name: 'grunt-contrib-qunit',
64 silly cache add   rawSpec: '^1.2.0',
64 silly cache add   spec: '>=1.2.0 <2.0.0',
64 silly cache add   type: 'range' }
65 silly addNamed grunt-contrib-qunit@>=1.2.0 <2.0.0
66 verbose addNamed ">=1.2.0 <2.0.0" is a valid semver range for grunt-contrib-qunit
67 silly addNameRange { name: 'grunt-contrib-qunit',
67 silly addNameRange   range: '>=1.2.0 <2.0.0',
67 silly addNameRange   hasData: false }
68 silly mapToRegistry name grunt-contrib-qunit
69 silly mapToRegistry using default registry
70 silly mapToRegistry registry https://registry.npm.taobao.org/
71 silly mapToRegistry uri https://registry.npm.taobao.org/grunt-contrib-qunit
72 verbose addNameRange registry:https://registry.npm.taobao.org/grunt-contrib-qunit not in flight; fetching
73 verbose already installed skipping grunt-contrib-sass@^1.0.0 /Users/evan/Desktop/git/libyfrontend
74 verbose already installed skipping grunt-contrib-uglify@^2.0.0 /Users/evan/Desktop/git/libyfrontend
75 verbose already installed skipping grunt-contrib-watch@^1.0.0 /Users/evan/Desktop/git/libyfrontend
76 verbose already installed skipping grunt-include-replace@^5.0.0 /Users/evan/Desktop/git/libyfrontend
77 verbose already installed skipping grunt-notify@^0.4.5 /Users/evan/Desktop/git/libyfrontend
78 verbose already installed skipping grunt-spritesmith@^6.3.1 /Users/evan/Desktop/git/libyfrontend
79 verbose already installed skipping load-grunt-tasks@^3.5.0 /Users/evan/Desktop/git/libyfrontend
80 verbose request uri https://registry.npm.taobao.org/grunt-contrib-qunit
81 verbose request no auth needed
82 info attempt registry request try #1 at 20:50:24
83 verbose request id 3efc9984014df56d
84 verbose etag "c971-zsRS21UyM3vWKwnprnTzcg"
85 http request GET https://registry.npm.taobao.org/grunt-contrib-qunit
86 verbose already installed skipping babel-preset-es2015@^6.13.2 /Users/evan/Desktop/git/libyfrontend
87 verbose already installed skipping grunt@^1.0.1 /Users/evan/Desktop/git/libyfrontend
88 verbose already installed skipping grunt-autoprefixer@^3.0.4 /Users/evan/Desktop/git/libyfrontend
89 verbose already installed skipping grunt-babel@^6.0.0 /Users/evan/Desktop/git/libyfrontend
90 http 304 https://registry.npm.taobao.org/grunt-contrib-qunit
91 silly get cb [ 304,
91 silly get   { date: 'Sat, 08 Oct 2016 12:50:24 GMT',
91 silly get     connection: 'keep-alive',
91 silly get     'x-current-requests': '1',
91 silly get     etag: '"c971-zsRS21UyM3vWKwnprnTzcg"',
91 silly get     'x-readtime': '59' } ]
92 verbose etag https://registry.npm.taobao.org/grunt-contrib-qunit from cache
93 verbose get saving grunt-contrib-qunit to /Users/evan/.npm/registry.npm.taobao.org/grunt-contrib-qunit/.cache.json
94 silly addNameRange number 2 { name: 'grunt-contrib-qunit',
94 silly addNameRange   range: '>=1.2.0 <2.0.0',
94 silly addNameRange   hasData: true }
95 silly addNameRange versions [ 'grunt-contrib-qunit',
95 silly addNameRange   [ '1.2.0',
95 silly addNameRange     '1.1.0',
95 silly addNameRange     '1.0.1',
95 silly addNameRange     '1.0.0',
95 silly addNameRange     '0.7.0',
95 silly addNameRange     '0.6.0',
95 silly addNameRange     '0.5.2',
95 silly addNameRange     '0.5.1',
95 silly addNameRange     '0.5.0',
95 silly addNameRange     '0.1.1-rc6',
95 silly addNameRange     '0.1.1-rc5',
95 silly addNameRange     '0.4.0',
95 silly addNameRange     '0.3.0',
95 silly addNameRange     '0.2.2',
95 silly addNameRange     '0.2.1',
95 silly addNameRange     '0.2.0',
95 silly addNameRange     '0.1.1',
95 silly addNameRange     '0.1.0' ] ]
96 silly addNamed grunt-contrib-qunit@1.2.0
97 verbose addNamed "1.2.0" is a plain semver version for grunt-contrib-qunit
98 silly cache afterAdd grunt-contrib-qunit@1.2.0
99 verbose afterAdd /Users/evan/.npm/grunt-contrib-qunit/1.2.0/package/package.json not in flight; writing
100 verbose afterAdd /Users/evan/.npm/grunt-contrib-qunit/1.2.0/package/package.json written
101 silly install resolved [ { name: 'grunt-contrib-qunit',
101 silly install resolved     description: 'Run QUnit unit tests in a headless PhantomJS instance',
101 silly install resolved     version: '1.2.0',
101 silly install resolved     author: { name: 'Grunt Team', url: 'http://gruntjs.com/' },
101 silly install resolved     repository:
101 silly install resolved      { type: 'git',
101 silly install resolved        url: 'git+https://github.com/gruntjs/grunt-contrib-qunit.git' },
101 silly install resolved     license: 'MIT',
101 silly install resolved     engines: { node: '>=0.10.0' },
101 silly install resolved     main: 'tasks/qunit.js',
101 silly install resolved     scripts: { test: 'grunt test --stack && grunt connect qunit:modules --modules="module1"' },
101 silly install resolved     dependencies: { 'grunt-lib-phantomjs': '^1.0.0' },
101 silly install resolved     devDependencies:
101 silly install resolved      { difflet: '^1.0.1',
101 silly install resolved        grunt: '^1.0.1',
101 silly install resolved        'grunt-contrib-connect': '^1.0.0',
101 silly install resolved        'grunt-contrib-internal': '^1.1.0',
101 silly install resolved        'grunt-contrib-jshint': '^1.0.0',
101 silly install resolved        qunitjs: '^1.20.0' },
101 silly install resolved     keywords: [ 'gruntplugin' ],
101 silly install resolved     files: [ 'tasks', 'phantomjs' ],
101 silly install resolved     appveyor_id: '3vd43779joyj6qji',
101 silly install resolved     contributors:
101 silly install resolved      [ [Object],
101 silly install resolved        [Object],
101 silly install resolved        [Object],
101 silly install resolved        [Object],
101 silly install resolved        [Object],
101 silly install resolved        [Object],
101 silly install resolved        [Object],
101 silly install resolved        [Object],
101 silly install resolved        [Object],
101 silly install resolved        [Object],
101 silly install resolved        [Object],
101 silly install resolved        [Object],
101 silly install resolved        [Object],
101 silly install resolved        [Object],
101 silly install resolved        [Object],
101 silly install resolved        [Object],
101 silly install resolved        [Object],
101 silly install resolved        [Object] ],
101 silly install resolved     gitHead: '36616b19e73d8bc64258d0e9d5e1be5efd7c09ea',
101 silly install resolved     bugs: { url: 'https://github.com/gruntjs/grunt-contrib-qunit/issues' },
101 silly install resolved     homepage: 'https://github.com/gruntjs/grunt-contrib-qunit#readme',
101 silly install resolved     _id: 'grunt-contrib-qunit@1.2.0',
101 silly install resolved     _shasum: '76ee87ce8cc157592802bb7545392f671ccb4956',
101 silly install resolved     _from: 'grunt-contrib-qunit@>=1.2.0 <2.0.0',
101 silly install resolved     _npmVersion: '3.5.3',
101 silly install resolved     _nodeVersion: '4.2.6',
101 silly install resolved     _npmUser: { name: 'arkni', email: 'brahim.arkni@gmail.com' },
101 silly install resolved     dist:
101 silly install resolved      { shasum: '76ee87ce8cc157592802bb7545392f671ccb4956',
101 silly install resolved        size: 8281,
101 silly install resolved        noattachment: false,
101 silly install resolved        tarball: 'http://registry.npm.taobao.org/grunt-contrib-qunit/download/grunt-contrib-qunit-1.2.0.tgz' },
101 silly install resolved     maintainers:
101 silly install resolved      [ [Object],
101 silly install resolved        [Object],
101 silly install resolved        [Object],
101 silly install resolved        [Object],
101 silly install resolved        [Object],
101 silly install resolved        [Object],
101 silly install resolved        [Object],
101 silly install resolved        [Object],
101 silly install resolved        [Object] ],
101 silly install resolved     _npmOperationalInternal:
101 silly install resolved      { host: 'packages-16-east.internal.npmjs.com',
101 silly install resolved        tmp: 'tmp/grunt-contrib-qunit-1.2.0.tgz_1460647936049_0.5630751510616392' },
101 silly install resolved     directories: {},
101 silly install resolved     publish_time: 1460647937989,
101 silly install resolved     _cnpm_publish_time: 1460647937989,
101 silly install resolved     _resolved: 'https://registry.npm.taobao.org/grunt-contrib-qunit/download/grunt-contrib-qunit-1.2.0.tgz',
101 silly install resolved     readme: 'ERROR: No README data found!' } ]
102 info install grunt-contrib-qunit@1.2.0 into /Users/evan/Desktop/git/libyfrontend
103 info installOne grunt-contrib-qunit@1.2.0
104 verbose installOne of grunt-contrib-qunit to /Users/evan/Desktop/git/libyfrontend not in flight; installing
105 warn locking Error: EACCES, open '/Users/evan/.npm/_locks/grunt-contrib-qunit-5955afe3914d5cee.lock'
105 warn locking     at Error (native)
105 warn locking  /Users/evan/.npm/_locks/grunt-contrib-qunit-5955afe3914d5cee.lock failed { [Error: EACCES, open '/Users/evan/.npm/_locks/grunt-contrib-qunit-5955afe3914d5cee.lock']
105 warn locking   errno: -13,
105 warn locking   code: 'EACCES',
105 warn locking   path: '/Users/evan/.npm/_locks/grunt-contrib-qunit-5955afe3914d5cee.lock' }
106 verbose stack Error: Attempt to unlock /Users/evan/Desktop/git/libyfrontend/node_modules/grunt-contrib-qunit, which hasn't been locked
106 verbose stack     at unlock (/usr/local/lib/node_modules/npm/lib/utils/locker.js:66:11)
106 verbose stack     at cb (/usr/local/lib/node_modules/npm/lib/install.js:1017:5)
106 verbose stack     at /usr/local/lib/node_modules/npm/lib/install.js:1021:20
106 verbose stack     at /usr/local/lib/node_modules/npm/lib/utils/locker.js:40:9
106 verbose stack     at cb (/usr/local/lib/node_modules/npm/node_modules/lockfile/lockfile.js:149:38)
106 verbose stack     at /usr/local/lib/node_modules/npm/node_modules/lockfile/lockfile.js:177:38
106 verbose stack     at FSReqWrap.oncomplete (fs.js:95:15)
107 verbose cwd /Users/evan/Desktop/git/libyfrontend
108 error Darwin 15.6.0
109 error argv "node" "/usr/local/bin/npm" "i"
110 error node v0.12.7
111 error npm  v2.11.3
112 error Attempt to unlock /Users/evan/Desktop/git/libyfrontend/node_modules/grunt-contrib-qunit, which hasn't been locked
113 error If you need help, you may report this error at:
113 error     <https://github.com/npm/npm/issues>
114 verbose exit [ 1, true ]
